<?xml version="1.0" encoding="utf-8"?><testsuite errors="0" failures="0" name="pytest" skips="0" tests="4" time="0.228"><testcase classname="src.ps.Basic" file="src/ps/Basic.py" line="93" name="ps.Basic.Basic" time="0.0167469978333"></testcase><testcase classname="src.ps.Basic" file="src/ps/Basic.py" line="584" name="ps.Basic.EXEC" time="0.0349740982056"><system-err>Logging initialized for pid 1059
The config_file was forced  to /tmp/EXEC_Test_d.cfg 
No config file /tmp/EXEC_Test_d.cfg given: version 0.3.45 
Error setting PATTERN_LANGUAGE. Use default EN.
EXEC_Test execute Command touch /tmp/foo
SUCCESS 00:00:00 touch /tmp/foo 
EXEC_Test execute Command ls /tmp/foo
SUCCESS 00:00:00 ls /tmp/foo 
</system-err></testcase><testcase classname="src.ps.Basic" file="src/ps/Basic.py" line="409" name="ps.Basic.ForDemonstration.foo" time="0.00128483772278"></testcase><testcase classname="src.ps.fsm" file="src/ps/fsm.py" line="28" name="ps.fsm.FiniteStateMachine" time="0.0344378948212"><system-err>Logging initialized for pid 1059
The config_file was forced  to /tmp/fsm_d.cfg 
No config file /tmp/fsm_d.cfg given: version 0.3.45 
Error setting PATTERN_LANGUAGE. Use default EN.
FSM: MY_FSM started in State &lt;&apos;START&apos; State @ 0x7f48d2a33178&gt;
START-compute_function returned  None
MY_FSM.run new step: START&apos;s compute function left context as &lt;table&gt;&lt;/table&gt;
TRANSITION: from State START&lt;br&gt; ONInput:   &apos;None&apos;&lt;br&gt;To State: ERROR
ERROR-compute_function returned  None
MY_FSM.run new step: ERROR&apos;s compute function left context as &lt;table&gt;&lt;/table&gt;
Leave run, as ERROR is a final state 
</system-err></testcase></testsuite>