<?xml version="1.0" encoding="utf-8"?><testsuite errors="0" failures="0" name="pytest" skips="1" tests="34" time="4.186"><testcase classname="tests.test_base2.TestBasic" file="tests/test_base2.py" line="59" name="test_that_an_not_given_herald_url_with_force_usage_of_config_file_raises_an_error" time="0.0769338607788"><system-err>Basic.py                   329 CRITICAL Value of herald_url in GLOBAL section of /projects/COMMON/jenkins/workspace/ps.basic/Tests2_d.cfg not given - but needed. EXIT NOW
Value of herald_url GLOBAL section of /projects/COMMON/jenkins/workspace/ps.basic/Tests2_d.cfg not given. EXIT NOWBasic.py                   329 CRITICAL Value of herald_url in GLOBAL section of /projects/COMMON/jenkins/workspace/ps.basic/Tests2_t.cfg not given - but needed. EXIT NOW
Value of herald_url GLOBAL section of /projects/COMMON/jenkins/workspace/ps.basic/Tests2_t.cfg not given. EXIT NOWBasic.py                   329 CRITICAL Value of herald_url in GLOBAL section of /projects/COMMON/jenkins/workspace/ps.basic/Tests2.cfg not given - but needed. EXIT NOW
Value of herald_url GLOBAL section of /projects/COMMON/jenkins/workspace/ps.basic/Tests2.cfg not given. EXIT NOWBasic.py                   329 CRITICAL Value of herald_url in GLOBAL section of /projects/COMMON/jenkins/workspace/ps.basic/Tests2_i.cfg not given - but needed. EXIT NOW
Value of herald_url GLOBAL section of /projects/COMMON/jenkins/workspace/ps.basic/Tests2_i.cfg not given. EXIT NOW</system-err></testcase><testcase classname="tests.test_base2.TestBasic" file="tests/test_base2.py" line="51" name="test_that_an_notfound_config_file_not_raises_sys_exit_if_usage_of_config_file_is_not_forced" time="0.0078809261322"></testcase><testcase classname="tests.test_base2.TestBasic" file="tests/test_base2.py" line="44" name="test_that_an_notfound_config_file_raises_sys_exit_if_usage_of_config_file_is_forced" time="0.0272669792175"><system-err>No config file /projects/COMMON/jenkins/workspace/ps.basic/Tests_x_d.cfg given but it&apos;s usage is mandatoryBasic.py                   304 CRITICAL No config file /projects/COMMON/jenkins/workspace/ps.basic/Tests_x_d.cfg given but it&apos;s usage is mandatory: version 0.3.45
No config file /projects/COMMON/jenkins/workspace/ps.basic/Tests_x_t.cfg given but it&apos;s usage is mandatoryBasic.py                   304 CRITICAL No config file /projects/COMMON/jenkins/workspace/ps.basic/Tests_x_t.cfg given but it&apos;s usage is mandatory: version 0.3.45
No config file /projects/COMMON/jenkins/workspace/ps.basic/Tests_x.cfg given but it&apos;s usage is mandatoryBasic.py                   304 CRITICAL No config file /projects/COMMON/jenkins/workspace/ps.basic/Tests_x.cfg given but it&apos;s usage is mandatory: version 0.3.45
No config file /projects/COMMON/jenkins/workspace/ps.basic/Tests_x_i.cfg given but it&apos;s usage is mandatoryBasic.py                   304 CRITICAL No config file /projects/COMMON/jenkins/workspace/ps.basic/Tests_x_i.cfg given but it&apos;s usage is mandatory: version 0.3.45
</system-err></testcase><testcase classname="tests.test_base.TestBasic" file="tests/test_base.py" line="122" name="test_get_html_string" time="0.000750064849854"></testcase><testcase classname="tests.test_base.TestBasic" file="tests/test_base.py" line="125" name="test_hms_string" time="0.000693798065186"></testcase><testcase classname="tests.test_base.TestBasic" file="tests/test_base.py" line="176" name="test_ps_send_mail" time="0.0424809455872"></testcase><testcase classname="tests.test_base.TestBasic" file="tests/test_base.py" line="183" name="test_ps_send_mail_buffering_on_dev_stage_TESTING" time="0.0240828990936"></testcase><testcase classname="tests.test_base.TestBasic" file="tests/test_base.py" line="199" name="test_ps_send_mail_with_attachement" time="0.0714092254639"></testcase><testcase classname="tests.test_base.TestBasic" file="tests/test_base.py" line="208" name="test_ps_send_mail_with_exception" time="0.276221990585"><system-out>Exception Sending EmailException Sending EmailException Sending EmailException Sending Email</system-out><system-err>Basic.py                   540 ERROR    FAILURE send_mail FROM Sender TO [&apos;l_send_to_p&apos;] subject subject
Traceback (most recent call last):
  File &quot;/projects/COMMON/jenkins/workspace/ps.basic/src/ps/Basic.py&quot;, line 518, in send_a_mail
    smtp = smtplib.SMTP(server)
  File &quot;/usr/lib/python2.7/smtplib.py&quot;, line 256, in __init__
    (code, msg) = self.connect(host, port)
  File &quot;/usr/lib/python2.7/smtplib.py&quot;, line 316, in connect
    self.sock = self._get_socket(host, port, self.timeout)
  File &quot;/usr/lib/python2.7/smtplib.py&quot;, line 291, in _get_socket
    return socket.create_connection((host, port), timeout)
  File &quot;/usr/lib/python2.7/socket.py&quot;, line 553, in create_connection
    for res in getaddrinfo(host, port, 0, SOCK_STREAM):
gaierror: [Errno -2] Name or service not known
Basic.py                   540 ERROR    FAILURE send_mail FROM Sender TO [&apos;l_send_to_p&apos;] subject subject
Traceback (most recent call last):
  File &quot;/projects/COMMON/jenkins/workspace/ps.basic/src/ps/Basic.py&quot;, line 518, in send_a_mail
    smtp = smtplib.SMTP(server)
  File &quot;/usr/lib/python2.7/smtplib.py&quot;, line 256, in __init__
    (code, msg) = self.connect(host, port)
  File &quot;/usr/lib/python2.7/smtplib.py&quot;, line 316, in connect
    self.sock = self._get_socket(host, port, self.timeout)
  File &quot;/usr/lib/python2.7/smtplib.py&quot;, line 291, in _get_socket
    return socket.create_connection((host, port), timeout)
  File &quot;/usr/lib/python2.7/socket.py&quot;, line 553, in create_connection
    for res in getaddrinfo(host, port, 0, SOCK_STREAM):
gaierror: [Errno -2] Name or service not known
Basic.py                   540 ERROR    FAILURE send_mail FROM Sender TO [&apos;l_send_to_p&apos;] subject subject
Traceback (most recent call last):
  File &quot;/projects/COMMON/jenkins/workspace/ps.basic/src/ps/Basic.py&quot;, line 518, in send_a_mail
    smtp = smtplib.SMTP(server)
  File &quot;/usr/lib/python2.7/smtplib.py&quot;, line 256, in __init__
    (code, msg) = self.connect(host, port)
  File &quot;/usr/lib/python2.7/smtplib.py&quot;, line 316, in connect
    self.sock = self._get_socket(host, port, self.timeout)
  File &quot;/usr/lib/python2.7/smtplib.py&quot;, line 291, in _get_socket
    return socket.create_connection((host, port), timeout)
  File &quot;/usr/lib/python2.7/socket.py&quot;, line 553, in create_connection
    for res in getaddrinfo(host, port, 0, SOCK_STREAM):
gaierror: [Errno -2] Name or service not known
Basic.py                   540 ERROR    FAILURE send_mail FROM Sender TO [&apos;l_send_to_p&apos;] subject subject
Traceback (most recent call last):
  File &quot;/projects/COMMON/jenkins/workspace/ps.basic/src/ps/Basic.py&quot;, line 518, in send_a_mail
    smtp = smtplib.SMTP(server)
  File &quot;/usr/lib/python2.7/smtplib.py&quot;, line 256, in __init__
    (code, msg) = self.connect(host, port)
  File &quot;/usr/lib/python2.7/smtplib.py&quot;, line 316, in connect
    self.sock = self._get_socket(host, port, self.timeout)
  File &quot;/usr/lib/python2.7/smtplib.py&quot;, line 291, in _get_socket
    return socket.create_connection((host, port), timeout)
  File &quot;/usr/lib/python2.7/socket.py&quot;, line 553, in create_connection
    for res in getaddrinfo(host, port, 0, SOCK_STREAM):
gaierror: [Errno -2] Name or service not known
</system-err></testcase><testcase classname="tests.test_base.TestBasic" file="tests/test_base.py" line="135" name="test_ps_shell1" time="0.140592336655"></testcase><testcase classname="tests.test_base.TestBasic" file="tests/test_base.py" line="161" name="test_ps_shell_exception" time="0.265454053879"><system-out>Tests: Exception while calling [&apos;Unmoegliches Kommando&apos;]Tests: Exception while calling [&apos;Unmoegliches Kommando&apos;]Tests: Exception while calling [&apos;Unmoegliches Kommando&apos;]Tests: Exception while calling [&apos;Unmoegliches Kommando&apos;]</system-out><system-err>Basic.py                   467 ERROR    Exception while calling [&apos;Unmoegliches Kommando&apos;]
Traceback (most recent call last):
  File &quot;/projects/COMMON/jenkins/workspace/ps.basic/src/ps/Basic.py&quot;, line 460, in ps_shell
    child = Popen(cmd_p, shell=True, stdout=PIPE, stderr=PIPE, env=env_p)
  File &quot;/usr/lib/python2.7/subprocess.py&quot;, line 710, in __init__
    errread, errwrite)
  File &quot;/usr/lib/python2.7/subprocess.py&quot;, line 1327, in _execute_child
    raise child_exception
TypeError: execve() arg 3 must be a mapping object
Basic.py                   479 ERROR    1 Traceback (most recent call last):
  File &quot;/projects/COMMON/jenkins/workspace/ps.basic/src/ps/Basic.py&quot;, line 460, in ps_shell
    child = Popen(cmd_p, shell=True, stdout=PIPE, stderr=PIPE, env=env_p)
  File &quot;/usr/lib/python2.7/subprocess.py&quot;, line 710, in __init__
    errread, errwrite)
  File &quot;/usr/lib/python2.7/subprocess.py&quot;, line 1327, in _execute_child
    raise child_exception
TypeError: execve() arg 3 must be a mapping object

Basic.py                   467 ERROR    Exception while calling [&apos;Unmoegliches Kommando&apos;]
Traceback (most recent call last):
  File &quot;/projects/COMMON/jenkins/workspace/ps.basic/src/ps/Basic.py&quot;, line 460, in ps_shell
    child = Popen(cmd_p, shell=True, stdout=PIPE, stderr=PIPE, env=env_p)
  File &quot;/usr/lib/python2.7/subprocess.py&quot;, line 710, in __init__
    errread, errwrite)
  File &quot;/usr/lib/python2.7/subprocess.py&quot;, line 1327, in _execute_child
    raise child_exception
TypeError: execve() arg 3 must be a mapping object
Basic.py                   479 ERROR    1 Traceback (most recent call last):
  File &quot;/projects/COMMON/jenkins/workspace/ps.basic/src/ps/Basic.py&quot;, line 460, in ps_shell
    child = Popen(cmd_p, shell=True, stdout=PIPE, stderr=PIPE, env=env_p)
  File &quot;/usr/lib/python2.7/subprocess.py&quot;, line 710, in __init__
    errread, errwrite)
  File &quot;/usr/lib/python2.7/subprocess.py&quot;, line 1327, in _execute_child
    raise child_exception
TypeError: execve() arg 3 must be a mapping object

Basic.py                   467 ERROR    Exception while calling [&apos;Unmoegliches Kommando&apos;]
Traceback (most recent call last):
  File &quot;/projects/COMMON/jenkins/workspace/ps.basic/src/ps/Basic.py&quot;, line 460, in ps_shell
    child = Popen(cmd_p, shell=True, stdout=PIPE, stderr=PIPE, env=env_p)
  File &quot;/usr/lib/python2.7/subprocess.py&quot;, line 710, in __init__
    errread, errwrite)
  File &quot;/usr/lib/python2.7/subprocess.py&quot;, line 1327, in _execute_child
    raise child_exception
TypeError: execve() arg 3 must be a mapping object
Basic.py                   479 ERROR    1 Traceback (most recent call last):
  File &quot;/projects/COMMON/jenkins/workspace/ps.basic/src/ps/Basic.py&quot;, line 460, in ps_shell
    child = Popen(cmd_p, shell=True, stdout=PIPE, stderr=PIPE, env=env_p)
  File &quot;/usr/lib/python2.7/subprocess.py&quot;, line 710, in __init__
    errread, errwrite)
  File &quot;/usr/lib/python2.7/subprocess.py&quot;, line 1327, in _execute_child
    raise child_exception
TypeError: execve() arg 3 must be a mapping object

Basic.py                   467 ERROR    Exception while calling [&apos;Unmoegliches Kommando&apos;]
Traceback (most recent call last):
  File &quot;/projects/COMMON/jenkins/workspace/ps.basic/src/ps/Basic.py&quot;, line 460, in ps_shell
    child = Popen(cmd_p, shell=True, stdout=PIPE, stderr=PIPE, env=env_p)
  File &quot;/usr/lib/python2.7/subprocess.py&quot;, line 710, in __init__
    errread, errwrite)
  File &quot;/usr/lib/python2.7/subprocess.py&quot;, line 1327, in _execute_child
    raise child_exception
TypeError: execve() arg 3 must be a mapping object
Basic.py                   479 ERROR    1 Traceback (most recent call last):
  File &quot;/projects/COMMON/jenkins/workspace/ps.basic/src/ps/Basic.py&quot;, line 460, in ps_shell
    child = Popen(cmd_p, shell=True, stdout=PIPE, stderr=PIPE, env=env_p)
  File &quot;/usr/lib/python2.7/subprocess.py&quot;, line 710, in __init__
    errread, errwrite)
  File &quot;/usr/lib/python2.7/subprocess.py&quot;, line 1327, in _execute_child
    raise child_exception
TypeError: execve() arg 3 must be a mapping object

</system-err></testcase><testcase classname="tests.test_base.TestBasic" file="tests/test_base.py" line="148" name="test_ps_shell_failure" time="0.21462392807"><system-err>Basic.py                   479 ERROR    127 /bin/sh: 1: Unmoegliches: not found

Basic.py                   479 ERROR    127 /bin/sh: 1: Unmoegliches: not found

Basic.py                   479 ERROR    127 /bin/sh: 1: Unmoegliches: not found

Basic.py                   479 ERROR    127 /bin/sh: 1: Unmoegliches: not found

</system-err></testcase><testcase classname="tests.test_base.TestBasic" file="tests/test_base.py" line="225" name="test_rsync_from_localhost" time="0.00186777114868"><skipped message="not tested, till user rights for jenkins based tests are settled to ONE host/user" type="pytest.skip">tests/test_base.py:225: &lt;py._xmlgen.raw object at 0x7efc33187450&gt;</skipped></testcase><testcase classname="tests.test_base.TestBasic" file="tests/test_base.py" line="215" name="test_template_writers" time="0.000681161880493"></testcase><testcase classname="tests.test_base.TestBasic" file="tests/test_base.py" line="92" name="test_that_an_BASIC_CONFIGFILE_DIR_environment_variable_is_checked_properly" time="0.12993311882"><system-out>/tmp/Tests_d.cfg/tmp/Tests_d.cfg/tmp/Tests_d.cfg/tmp/Tests_d.cfg</system-out></testcase><testcase classname="tests.test_base.TestBasic" file="tests/test_base.py" line="82" name="test_that_an_impossible_dev_stage_raises_an_keyError" time="0.00172328948975"><system-err>DEV_STAGE &apos;NOT_AN_ALLOWED_DEV_STAGE&apos; Not an Allowed DEVELOPMENT STAGE e.g. export DEV_STAGE=DEVELOPMENTExit Now</system-err></testcase><testcase classname="tests.test_base.TestBasic" file="tests/test_base.py" line="106" name="test_that_an_inproper_configured_cfg_file_raises_an_error" time="0.000649929046631"></testcase><testcase classname="tests.test_base.TestBasic" file="tests/test_base.py" line="37" name="test_that_it_is_possible_to_create_a_base_object_for_the_dev_stages" time="0.574250936508"></testcase><testcase classname="tests.test_base.TestBasic" file="tests/test_base.py" line="65" name="test_that_it_is_possible_to_set_the_verbose_mode" time="0.208192825317"><system-err>HURZ
HURZ
HURZ
HURZ
HURZ
HURZ
HURZ
HURZ
HURZ
HURZ
</system-err></testcase><testcase classname="tests.test_fsm.TestFSM" file="tests/test_fsm.py" line="16" name="test_create_a_fsm" time="0.000860214233398"></testcase><testcase classname="tests.test_fsm.TestFSM" file="tests/test_fsm.py" line="60" name="test_simple_process" time="0.000663042068481"></testcase><testcase classname="tests.test_fsm.TestFSM" file="tests/test_fsm.py" line="70" name="test_simple_run" time="0.351826906204"><system-err>FSM: TEST_FSM started in State &lt;&apos;START&apos; State @ 0x7efc33a70ab8&gt;
FSM: TEST_FSM started in State &lt;&apos;START&apos; State @ 0x7efc33a70ab8&gt;
FSM: TEST_FSM started in State &lt;&apos;START&apos; State @ 0x7efc33a70ab8&gt;
FSM: TEST_FSM started in State &lt;&apos;START&apos; State @ 0x7efc33a70ab8&gt;
START-compute_function returned  input
START-compute_function returned  input
START-compute_function returned  input
START-compute_function returned  input
TEST_FSM.run new step: START&apos;s compute function left context as &lt;table&gt;&lt;tr&gt;&lt;td&gt;START&lt;/td&gt;&lt;td&gt;visited&lt;/td&gt;&lt;/tr&gt;&lt;/table&gt;
TEST_FSM.run new step: START&apos;s compute function left context as &lt;table&gt;&lt;tr&gt;&lt;td&gt;START&lt;/td&gt;&lt;td&gt;visited&lt;/td&gt;&lt;/tr&gt;&lt;/table&gt;
TEST_FSM.run new step: START&apos;s compute function left context as &lt;table&gt;&lt;tr&gt;&lt;td&gt;START&lt;/td&gt;&lt;td&gt;visited&lt;/td&gt;&lt;/tr&gt;&lt;/table&gt;
TEST_FSM.run new step: START&apos;s compute function left context as &lt;table&gt;&lt;tr&gt;&lt;td&gt;START&lt;/td&gt;&lt;td&gt;visited&lt;/td&gt;&lt;/tr&gt;&lt;/table&gt;
TRANSITION: from State START&lt;br&gt; ONInput:   &apos;input&apos;&lt;br&gt;To State: MIDDLE
TRANSITION: from State START&lt;br&gt; ONInput:   &apos;input&apos;&lt;br&gt;To State: MIDDLE
TRANSITION: from State START&lt;br&gt; ONInput:   &apos;input&apos;&lt;br&gt;To State: MIDDLE
TRANSITION: from State START&lt;br&gt; ONInput:   &apos;input&apos;&lt;br&gt;To State: MIDDLE
MIDDLE-compute_function returned  input2
MIDDLE-compute_function returned  input2
MIDDLE-compute_function returned  input2
MIDDLE-compute_function returned  input2
TEST_FSM.run new step: MIDDLE&apos;s compute function left context as &lt;table&gt;&lt;tr&gt;&lt;td&gt;START&lt;/td&gt;&lt;td&gt;visited&lt;/td&gt;&lt;/tr&gt;&lt;tr&gt;&lt;td&gt;MIDDLE&lt;/td&gt;&lt;td&gt;visited&lt;/td&gt;&lt;/tr&gt;&lt;/table&gt;
TEST_FSM.run new step: MIDDLE&apos;s compute function left context as &lt;table&gt;&lt;tr&gt;&lt;td&gt;START&lt;/td&gt;&lt;td&gt;visited&lt;/td&gt;&lt;/tr&gt;&lt;tr&gt;&lt;td&gt;MIDDLE&lt;/td&gt;&lt;td&gt;visited&lt;/td&gt;&lt;/tr&gt;&lt;/table&gt;
TEST_FSM.run new step: MIDDLE&apos;s compute function left context as &lt;table&gt;&lt;tr&gt;&lt;td&gt;START&lt;/td&gt;&lt;td&gt;visited&lt;/td&gt;&lt;/tr&gt;&lt;tr&gt;&lt;td&gt;MIDDLE&lt;/td&gt;&lt;td&gt;visited&lt;/td&gt;&lt;/tr&gt;&lt;/table&gt;
TEST_FSM.run new step: MIDDLE&apos;s compute function left context as &lt;table&gt;&lt;tr&gt;&lt;td&gt;START&lt;/td&gt;&lt;td&gt;visited&lt;/td&gt;&lt;/tr&gt;&lt;tr&gt;&lt;td&gt;MIDDLE&lt;/td&gt;&lt;td&gt;visited&lt;/td&gt;&lt;/tr&gt;&lt;/table&gt;
TRANSITION: from State MIDDLE&lt;br&gt; ONInput:   &apos;input2&apos;&lt;br&gt;To State: FIN
TRANSITION: from State MIDDLE&lt;br&gt; ONInput:   &apos;input2&apos;&lt;br&gt;To State: FIN
TRANSITION: from State MIDDLE&lt;br&gt; ONInput:   &apos;input2&apos;&lt;br&gt;To State: FIN
TRANSITION: from State MIDDLE&lt;br&gt; ONInput:   &apos;input2&apos;&lt;br&gt;To State: FIN
FIN-compute_function returned  ii
FIN-compute_function returned  ii
FIN-compute_function returned  ii
FIN-compute_function returned  ii
TEST_FSM.run new step: FIN&apos;s compute function left context as &lt;table&gt;&lt;tr&gt;&lt;td&gt;START&lt;/td&gt;&lt;td&gt;visited&lt;/td&gt;&lt;/tr&gt;&lt;tr&gt;&lt;td&gt;FIN&lt;/td&gt;&lt;td&gt;visited&lt;/td&gt;&lt;/tr&gt;&lt;tr&gt;&lt;td&gt;MIDDLE&lt;/td&gt;&lt;td&gt;visited&lt;/td&gt;&lt;/tr&gt;&lt;/table&gt;
TEST_FSM.run new step: FIN&apos;s compute function left context as &lt;table&gt;&lt;tr&gt;&lt;td&gt;START&lt;/td&gt;&lt;td&gt;visited&lt;/td&gt;&lt;/tr&gt;&lt;tr&gt;&lt;td&gt;FIN&lt;/td&gt;&lt;td&gt;visited&lt;/td&gt;&lt;/tr&gt;&lt;tr&gt;&lt;td&gt;MIDDLE&lt;/td&gt;&lt;td&gt;visited&lt;/td&gt;&lt;/tr&gt;&lt;/table&gt;
TEST_FSM.run new step: FIN&apos;s compute function left context as &lt;table&gt;&lt;tr&gt;&lt;td&gt;START&lt;/td&gt;&lt;td&gt;visited&lt;/td&gt;&lt;/tr&gt;&lt;tr&gt;&lt;td&gt;FIN&lt;/td&gt;&lt;td&gt;visited&lt;/td&gt;&lt;/tr&gt;&lt;tr&gt;&lt;td&gt;MIDDLE&lt;/td&gt;&lt;td&gt;visited&lt;/td&gt;&lt;/tr&gt;&lt;/table&gt;
TEST_FSM.run new step: FIN&apos;s compute function left context as &lt;table&gt;&lt;tr&gt;&lt;td&gt;START&lt;/td&gt;&lt;td&gt;visited&lt;/td&gt;&lt;/tr&gt;&lt;tr&gt;&lt;td&gt;FIN&lt;/td&gt;&lt;td&gt;visited&lt;/td&gt;&lt;/tr&gt;&lt;tr&gt;&lt;td&gt;MIDDLE&lt;/td&gt;&lt;td&gt;visited&lt;/td&gt;&lt;/tr&gt;&lt;/table&gt;
Leave run, as FIN is a final state 
Leave run, as FIN is a final state 
Leave run, as FIN is a final state 
Leave run, as FIN is a final state 
</system-err></testcase><testcase classname="tests.test_fsm.TestFSM" file="tests/test_fsm.py" line="51" name="test_simple_transition" time="0.000633001327515"></testcase><testcase classname="tests.test_fsm.TestFSM" file="tests/test_fsm.py" line="42" name="test_that_all_transition_is_ok" time="0.000650882720947"></testcase><testcase classname="tests.test_fsm.TestFSM" file="tests/test_fsm.py" line="36" name="test_that_an_impossible_state_raises_state_error" time="0.000625848770142"></testcase><testcase classname="tests.test_fsm.TestFSM" file="tests/test_fsm.py" line="30" name="test_that_an_impossible_transition_raises_transition_error" time="0.000629901885986"></testcase><testcase classname="tests.test_fsm.TestFSM" file="tests/test_fsm.py" line="25" name="test_that_an_transition_on_an_faulty_fsm_raises_transition_error" time="0.000615835189819"></testcase><testcase classname="tests.test_state.TestDecorator" file="tests/test_state.py" line="52" name="test_decorator_that_an_unallowed_return_value_raises_ComputeFunctionTransitionError" time="0.268600940704"><system-err>Logging initialized for pid 964
Logging initialized for pid 964
Logging initialized for pid 964
Logging initialized for pid 964
No config file /projects/COMMON/jenkins/workspace/ps.basic/TEST_FSM_t.cfg given: version 0.3.45 
No config file /projects/COMMON/jenkins/workspace/ps.basic/TEST_FSM_t.cfg given: version 0.3.45 
No config file /projects/COMMON/jenkins/workspace/ps.basic/TEST_FSM_t.cfg given: version 0.3.45 
No config file /projects/COMMON/jenkins/workspace/ps.basic/TEST_FSM_t.cfg given: version 0.3.45 
Error setting PATTERN_LANGUAGE. Use default EN.
Error setting PATTERN_LANGUAGE. Use default EN.
Error setting PATTERN_LANGUAGE. Use default EN.
Error setting PATTERN_LANGUAGE. Use default EN.
FSM: TEST_FSM started in State &lt;&apos;test_state&apos; State @ 0x7efc33a70be0&gt;
FSM: TEST_FSM started in State &lt;&apos;test_state&apos; State @ 0x7efc33a70be0&gt;
FSM: TEST_FSM started in State &lt;&apos;test_state&apos; State @ 0x7efc33a70be0&gt;
FSM: TEST_FSM started in State &lt;&apos;test_state&apos; State @ 0x7efc33a70be0&gt;
After f(*args), which returned b
After f(*args), which returned b
After f(*args), which returned b
After f(*args), which returned b
unallowed return value b  allowed are [&apos;a&apos;]
unallowed return value b  allowed are [&apos;a&apos;]
unallowed return value b  allowed are [&apos;a&apos;]
unallowed return value b  allowed are [&apos;a&apos;]
fsm.py                     162 ERROR    unallowed return value b  allowed are [&apos;a&apos;]
</system-err></testcase><testcase classname="tests.test_state.TestDecorator" file="tests/test_state.py" line="64" name="test_decorator_that_context_is_written" time="0.70885014534"><system-err>Logging initialized for pid 964
Logging initialized for pid 964
Logging initialized for pid 964
Logging initialized for pid 964
No config file /projects/COMMON/jenkins/workspace/ps.basic/TEST_FSM_t.cfg given: version 0.3.45 
No config file /projects/COMMON/jenkins/workspace/ps.basic/TEST_FSM_t.cfg given: version 0.3.45 
No config file /projects/COMMON/jenkins/workspace/ps.basic/TEST_FSM_t.cfg given: version 0.3.45 
No config file /projects/COMMON/jenkins/workspace/ps.basic/TEST_FSM_t.cfg given: version 0.3.45 
Error setting PATTERN_LANGUAGE. Use default EN.
Error setting PATTERN_LANGUAGE. Use default EN.
Error setting PATTERN_LANGUAGE. Use default EN.
Error setting PATTERN_LANGUAGE. Use default EN.
FSM: TEST_FSM started in State &lt;&apos;A&apos; State @ 0x7efc33a70be0&gt;
FSM: TEST_FSM started in State &lt;&apos;A&apos; State @ 0x7efc33a70be0&gt;
FSM: TEST_FSM started in State &lt;&apos;A&apos; State @ 0x7efc33a70be0&gt;
FSM: TEST_FSM started in State &lt;&apos;A&apos; State @ 0x7efc33a70be0&gt;
After f(*args), which returned a1_str
After f(*args), which returned a1_str
After f(*args), which returned a1_str
After f(*args), which returned a1_str
A-compute_function returned  a1_str
A-compute_function returned  a1_str
A-compute_function returned  a1_str
A-compute_function returned  a1_str
TEST_FSM.run new step: A&apos;s compute function left context as &lt;table&gt;&lt;tr&gt;&lt;td&gt;a_name&lt;/td&gt;&lt;td&gt;visited&lt;/td&gt;&lt;/tr&gt;&lt;/table&gt;
TEST_FSM.run new step: A&apos;s compute function left context as &lt;table&gt;&lt;tr&gt;&lt;td&gt;a_name&lt;/td&gt;&lt;td&gt;visited&lt;/td&gt;&lt;/tr&gt;&lt;/table&gt;
TEST_FSM.run new step: A&apos;s compute function left context as &lt;table&gt;&lt;tr&gt;&lt;td&gt;a_name&lt;/td&gt;&lt;td&gt;visited&lt;/td&gt;&lt;/tr&gt;&lt;/table&gt;
TEST_FSM.run new step: A&apos;s compute function left context as &lt;table&gt;&lt;tr&gt;&lt;td&gt;a_name&lt;/td&gt;&lt;td&gt;visited&lt;/td&gt;&lt;/tr&gt;&lt;/table&gt;
TRANSITION: from State A&lt;br&gt; ONInput:   &apos;a1_str&apos;&lt;br&gt;To State: B
TRANSITION: from State A&lt;br&gt; ONInput:   &apos;a1_str&apos;&lt;br&gt;To State: B
TRANSITION: from State A&lt;br&gt; ONInput:   &apos;a1_str&apos;&lt;br&gt;To State: B
TRANSITION: from State A&lt;br&gt; ONInput:   &apos;a1_str&apos;&lt;br&gt;To State: B
After f(*args), which returned b1_str
After f(*args), which returned b1_str
After f(*args), which returned b1_str
After f(*args), which returned b1_str
B-compute_function returned  b1_str
B-compute_function returned  b1_str
B-compute_function returned  b1_str
B-compute_function returned  b1_str
TEST_FSM.run new step: B&apos;s compute function left context as &lt;table&gt;&lt;tr&gt;&lt;td&gt;a_name&lt;/td&gt;&lt;td&gt;visited&lt;/td&gt;&lt;/tr&gt;&lt;/table&gt;
TEST_FSM.run new step: B&apos;s compute function left context as &lt;table&gt;&lt;tr&gt;&lt;td&gt;a_name&lt;/td&gt;&lt;td&gt;visited&lt;/td&gt;&lt;/tr&gt;&lt;/table&gt;
TEST_FSM.run new step: B&apos;s compute function left context as &lt;table&gt;&lt;tr&gt;&lt;td&gt;a_name&lt;/td&gt;&lt;td&gt;visited&lt;/td&gt;&lt;/tr&gt;&lt;/table&gt;
TEST_FSM.run new step: B&apos;s compute function left context as &lt;table&gt;&lt;tr&gt;&lt;td&gt;a_name&lt;/td&gt;&lt;td&gt;visited&lt;/td&gt;&lt;/tr&gt;&lt;/table&gt;
TRANSITION: from State B&lt;br&gt; ONInput:   &apos;b1_str&apos;&lt;br&gt;To State: A
TRANSITION: from State B&lt;br&gt; ONInput:   &apos;b1_str&apos;&lt;br&gt;To State: A
TRANSITION: from State B&lt;br&gt; ONInput:   &apos;b1_str&apos;&lt;br&gt;To State: A
TRANSITION: from State B&lt;br&gt; ONInput:   &apos;b1_str&apos;&lt;br&gt;To State: A
After f(*args), which returned a2_str
After f(*args), which returned a2_str
After f(*args), which returned a2_str
After f(*args), which returned a2_str
A-compute_function returned  a2_str
A-compute_function returned  a2_str
A-compute_function returned  a2_str
A-compute_function returned  a2_str
TEST_FSM.run new step: A&apos;s compute function left context as &lt;table&gt;&lt;tr&gt;&lt;td&gt;a_name&lt;/td&gt;&lt;td&gt;visited&lt;/td&gt;&lt;/tr&gt;&lt;/table&gt;
TEST_FSM.run new step: A&apos;s compute function left context as &lt;table&gt;&lt;tr&gt;&lt;td&gt;a_name&lt;/td&gt;&lt;td&gt;visited&lt;/td&gt;&lt;/tr&gt;&lt;/table&gt;
TEST_FSM.run new step: A&apos;s compute function left context as &lt;table&gt;&lt;tr&gt;&lt;td&gt;a_name&lt;/td&gt;&lt;td&gt;visited&lt;/td&gt;&lt;/tr&gt;&lt;/table&gt;
TEST_FSM.run new step: A&apos;s compute function left context as &lt;table&gt;&lt;tr&gt;&lt;td&gt;a_name&lt;/td&gt;&lt;td&gt;visited&lt;/td&gt;&lt;/tr&gt;&lt;/table&gt;
TRANSITION: from State A&lt;br&gt; ONInput:   &apos;a2_str&apos;&lt;br&gt;To State: C
TRANSITION: from State A&lt;br&gt; ONInput:   &apos;a2_str&apos;&lt;br&gt;To State: C
TRANSITION: from State A&lt;br&gt; ONInput:   &apos;a2_str&apos;&lt;br&gt;To State: C
TRANSITION: from State A&lt;br&gt; ONInput:   &apos;a2_str&apos;&lt;br&gt;To State: C
After f(*args), which returned fin
After f(*args), which returned fin
After f(*args), which returned fin
After f(*args), which returned fin
C-compute_function returned  fin
C-compute_function returned  fin
C-compute_function returned  fin
C-compute_function returned  fin
TEST_FSM.run new step: C&apos;s compute function left context as &lt;table&gt;&lt;tr&gt;&lt;td&gt;a_name&lt;/td&gt;&lt;td&gt;visited&lt;/td&gt;&lt;/tr&gt;&lt;/table&gt;
TEST_FSM.run new step: C&apos;s compute function left context as &lt;table&gt;&lt;tr&gt;&lt;td&gt;a_name&lt;/td&gt;&lt;td&gt;visited&lt;/td&gt;&lt;/tr&gt;&lt;/table&gt;
TEST_FSM.run new step: C&apos;s compute function left context as &lt;table&gt;&lt;tr&gt;&lt;td&gt;a_name&lt;/td&gt;&lt;td&gt;visited&lt;/td&gt;&lt;/tr&gt;&lt;/table&gt;
TEST_FSM.run new step: C&apos;s compute function left context as &lt;table&gt;&lt;tr&gt;&lt;td&gt;a_name&lt;/td&gt;&lt;td&gt;visited&lt;/td&gt;&lt;/tr&gt;&lt;/table&gt;
Leave run, as C is a final state 
Leave run, as C is a final state 
Leave run, as C is a final state 
Leave run, as C is a final state 
</system-err></testcase><testcase classname="tests.test_state.TestDecorator" file="tests/test_state.py" line="39" name="test_decorator_that_global_function" time="0.288507938385"><system-err>Logging initialized for pid 964
Logging initialized for pid 964
Logging initialized for pid 964
Logging initialized for pid 964
No config file /projects/COMMON/jenkins/workspace/ps.basic/TEST_FSM_t.cfg given: version 0.3.45 
No config file /projects/COMMON/jenkins/workspace/ps.basic/TEST_FSM_t.cfg given: version 0.3.45 
No config file /projects/COMMON/jenkins/workspace/ps.basic/TEST_FSM_t.cfg given: version 0.3.45 
No config file /projects/COMMON/jenkins/workspace/ps.basic/TEST_FSM_t.cfg given: version 0.3.45 
Error setting PATTERN_LANGUAGE. Use default EN.
Error setting PATTERN_LANGUAGE. Use default EN.
Error setting PATTERN_LANGUAGE. Use default EN.
Error setting PATTERN_LANGUAGE. Use default EN.
FSM: TEST_FSM started in State &lt;&apos;test_state&apos; State @ 0x7efc33a70d08&gt;
FSM: TEST_FSM started in State &lt;&apos;test_state&apos; State @ 0x7efc33a70d08&gt;
FSM: TEST_FSM started in State &lt;&apos;test_state&apos; State @ 0x7efc33a70d08&gt;
FSM: TEST_FSM started in State &lt;&apos;test_state&apos; State @ 0x7efc33a70d08&gt;
After f(*args), which returned a
After f(*args), which returned a
After f(*args), which returned a
After f(*args), which returned a
test_state-compute_function returned  a
test_state-compute_function returned  a
test_state-compute_function returned  a
test_state-compute_function returned  a
TEST_FSM.run new step: test_state&apos;s compute function left context as &lt;table&gt;&lt;tr&gt;&lt;td&gt;MY_NAME&lt;/td&gt;&lt;td&gt;The y Value&lt;/td&gt;&lt;/tr&gt;&lt;/table&gt;
TEST_FSM.run new step: test_state&apos;s compute function left context as &lt;table&gt;&lt;tr&gt;&lt;td&gt;MY_NAME&lt;/td&gt;&lt;td&gt;The y Value&lt;/td&gt;&lt;/tr&gt;&lt;/table&gt;
TEST_FSM.run new step: test_state&apos;s compute function left context as &lt;table&gt;&lt;tr&gt;&lt;td&gt;MY_NAME&lt;/td&gt;&lt;td&gt;The y Value&lt;/td&gt;&lt;/tr&gt;&lt;/table&gt;
TEST_FSM.run new step: test_state&apos;s compute function left context as &lt;table&gt;&lt;tr&gt;&lt;td&gt;MY_NAME&lt;/td&gt;&lt;td&gt;The y Value&lt;/td&gt;&lt;/tr&gt;&lt;/table&gt;
Leave run, as test_state is a final state 
Leave run, as test_state is a final state 
Leave run, as test_state is a final state 
Leave run, as test_state is a final state 
</system-err></testcase><testcase classname="tests.test_state.TestDecorator" file="tests/test_state.py" line="45" name="test_decorator_that_global_functionalso_raises_ComputeFunctionTransitionError" time="0.2186460495"><system-err>Logging initialized for pid 964
Logging initialized for pid 964
Logging initialized for pid 964
Logging initialized for pid 964
No config file /projects/COMMON/jenkins/workspace/ps.basic/TEST_FSM_t.cfg given: version 0.3.45 
No config file /projects/COMMON/jenkins/workspace/ps.basic/TEST_FSM_t.cfg given: version 0.3.45 
No config file /projects/COMMON/jenkins/workspace/ps.basic/TEST_FSM_t.cfg given: version 0.3.45 
No config file /projects/COMMON/jenkins/workspace/ps.basic/TEST_FSM_t.cfg given: version 0.3.45 
Error setting PATTERN_LANGUAGE. Use default EN.
Error setting PATTERN_LANGUAGE. Use default EN.
Error setting PATTERN_LANGUAGE. Use default EN.
Error setting PATTERN_LANGUAGE. Use default EN.
FSM: TEST_FSM started in State &lt;&apos;test_state&apos; State @ 0x7efc33a70d08&gt;
FSM: TEST_FSM started in State &lt;&apos;test_state&apos; State @ 0x7efc33a70d08&gt;
FSM: TEST_FSM started in State &lt;&apos;test_state&apos; State @ 0x7efc33a70d08&gt;
FSM: TEST_FSM started in State &lt;&apos;test_state&apos; State @ 0x7efc33a70d08&gt;
After f(*args), which returned b
After f(*args), which returned b
After f(*args), which returned b
After f(*args), which returned b
unallowed return value b  allowed are [&apos;a&apos;]
unallowed return value b  allowed are [&apos;a&apos;]
unallowed return value b  allowed are [&apos;a&apos;]
unallowed return value b  allowed are [&apos;a&apos;]
fsm.py                     162 ERROR    unallowed return value b  allowed are [&apos;a&apos;]
</system-err></testcase><testcase classname="tests.test_state.TestState" file="tests/test_state.py" line="97" name="test_state_that_all_transition_keys_are_listed" time="0.000651836395264"></testcase><testcase classname="tests.test_state.TestGraph" file="tests/test_state.py" line="110" name="test_that_picture_generation_with_unset_init_state_raise_StateError" time="0.0353252887726"></testcase><testcase classname="tests.test_state.TestGraph" file="tests/test_state.py" line="120" name="test_that_we_are_able_to_generate_a_picture" time="0.0766260623932"></testcase></testsuite>